<?xml version="1.0" encoding="UTF-8"?>
<!-- Generated by org.testng.reporters.JUnitXMLReporter -->
<testsuite hostname="LAPTOP-8PIQVS4A" ignored="0" name="Test" tests="3" failures="0" timestamp="2019-12-05T14:02:43 CET" time="43.898" errors="0">
  <testcase name="verifyClickOnNotebook" time="2.352" classname="com.myproject.qa.testcases.HomePageTest"/>
  <testcase name="loginPageTitleTest" time="0.129" classname="com.myproject.qa.testcases.LoginPageTest"/>
  <testcase name="loginTest" time="0.575" classname="com.myproject.qa.testcases.LoginPageTest"/>
</testsuite> <!-- Test -->
