<?xml version="1.0" encoding="UTF-8"?>
<testng-results skipped="0" failed="0" ignored="0" total="3" passed="3">
  <reporter-output>
  </reporter-output>
  <suite name="Suite" duration-ms="43898" started-at="2019-12-05T14:01:59 CET" finished-at="2019-12-05T14:02:43 CET">
    <groups>
    </groups>
    <test name="Test" duration-ms="43898" started-at="2019-12-05T14:01:59 CET" finished-at="2019-12-05T14:02:43 CET">
      <class name="com.myproject.qa.testcases.LoginPageTest">
        <test-method status="PASS" signature="setUp()[pri:0, instance:com.myproject.qa.testcases.LoginPageTest@26aa12dd]" name="setUp" is-config="true" duration-ms="14057" started-at="2019-12-05T14:02:16 CET" finished-at="2019-12-05T14:02:30 CET">
          <reporter-output>
          </reporter-output>
        </test-method> <!-- setUp -->
        <test-method status="PASS" signature="loginPageTitleTest()[pri:1, instance:com.myproject.qa.testcases.LoginPageTest@26aa12dd]" name="loginPageTitleTest" duration-ms="129" started-at="2019-12-05T14:02:30 CET" finished-at="2019-12-05T14:02:30 CET">
          <reporter-output>
          </reporter-output>
        </test-method> <!-- loginPageTitleTest -->
        <test-method status="PASS" signature="teardown()[pri:0, instance:com.myproject.qa.testcases.LoginPageTest@26aa12dd]" name="teardown" is-config="true" duration-ms="680" started-at="2019-12-05T14:02:30 CET" finished-at="2019-12-05T14:02:30 CET">
          <reporter-output>
          </reporter-output>
        </test-method> <!-- teardown -->
        <test-method status="PASS" signature="setUp()[pri:0, instance:com.myproject.qa.testcases.LoginPageTest@26aa12dd]" name="setUp" is-config="true" duration-ms="11510" started-at="2019-12-05T14:02:30 CET" finished-at="2019-12-05T14:02:42 CET">
          <reporter-output>
          </reporter-output>
        </test-method> <!-- setUp -->
        <test-method status="PASS" signature="loginTest()[pri:2, instance:com.myproject.qa.testcases.LoginPageTest@26aa12dd]" name="loginTest" duration-ms="575" started-at="2019-12-05T14:02:42 CET" finished-at="2019-12-05T14:02:43 CET">
          <reporter-output>
          </reporter-output>
        </test-method> <!-- loginTest -->
        <test-method status="PASS" signature="teardown()[pri:0, instance:com.myproject.qa.testcases.LoginPageTest@26aa12dd]" name="teardown" is-config="true" duration-ms="696" started-at="2019-12-05T14:02:43 CET" finished-at="2019-12-05T14:02:43 CET">
          <reporter-output>
          </reporter-output>
        </test-method> <!-- teardown -->
      </class> <!-- com.myproject.qa.testcases.LoginPageTest -->
      <class name="com.myproject.qa.testcases.HomePageTest">
        <test-method status="PASS" signature="setUp()[pri:0, instance:com.myproject.qa.testcases.HomePageTest@131276c2]" name="setUp" is-config="true" duration-ms="13115" started-at="2019-12-05T14:01:59 CET" finished-at="2019-12-05T14:02:12 CET">
          <reporter-output>
          </reporter-output>
        </test-method> <!-- setUp -->
        <test-method status="PASS" signature="verifyClickOnNotebook()[pri:0, instance:com.myproject.qa.testcases.HomePageTest@131276c2]" name="verifyClickOnNotebook" duration-ms="2352" started-at="2019-12-05T14:02:12 CET" finished-at="2019-12-05T14:02:15 CET">
          <reporter-output>
          </reporter-output>
        </test-method> <!-- verifyClickOnNotebook -->
        <test-method status="PASS" signature="teardown()[pri:0, instance:com.myproject.qa.testcases.HomePageTest@131276c2]" name="teardown" is-config="true" duration-ms="734" started-at="2019-12-05T14:02:15 CET" finished-at="2019-12-05T14:02:16 CET">
          <reporter-output>
          </reporter-output>
        </test-method> <!-- teardown -->
      </class> <!-- com.myproject.qa.testcases.HomePageTest -->
    </test> <!-- Test -->
  </suite> <!-- Suite -->
</testng-results>
